2025-02-11 09:00:28,696 - root - INFO -  Se valida que el ingreso al sistema es correcto
2025-02-11 09:00:32,774 - root - INFO -  Se busca la versión 4 en el sistema
2025-02-11 09:00:33,861 - root - INFO -  Versión encontrada: 4.0.0.39
2025-02-11 09:00:33,862 - root - INFO -  Nueva versión creada: 4.0.0.40
2025-02-11 09:00:36,523 - root - INFO -  Se presiona el boton 'Nuevo', para crear una nueva versión.
2025-02-11 09:00:45,066 - root - INFO -  Se busca la versión 4 con pex en el sistema
2025-02-11 09:00:48,713 - root - INFO -  Ingresa al código pex.
2025-02-11 09:00:52,317 - root - INFO -  Ingresa al menú Servidor y Versión.
2025-02-11 09:00:56,231 - root - INFO -  Se dio click correctamente en el desplegable
2025-02-11 09:00:57,289 - root - INFO -  Versión actual: 4.0.0.39
2025-02-11 09:00:57,670 - root - INFO -  Nueva versión creada: 4.0.0.40
2025-02-11 09:01:01,933 - root - INFO -  Se actualiza la BD de la nueva versión
2025-02-11 09:01:09,595 - root - INFO -  Se acepta la actualización de la BD de la nueva versión
2025-02-11 09:01:09,649 - root - ERROR - ERROR 403 DETECTADO: You don't have permission to access /4.0.0.40/dbupdate.ashx on this server.
2025-02-11 09:07:41,792 - root - ERROR - No se pudo ingresar al ambiente assist Message: target frame detached
  (failed to check if window was closed: disconnected: Unable to receive message from renderer)
  (Session info: chrome=133.0.6943.54)
Stacktrace:
	GetHandleVerifier [0x00007FF6C3262EC5+28789]
	(No symbol) [0x00007FF6C31CF870]
	(No symbol) [0x00007FF6C3068DCC]
	(No symbol) [0x00007FF6C30560FB]
	(No symbol) [0x00007FF6C3054FAE]
	(No symbol) [0x00007FF6C307971A]
	(No symbol) [0x00007FF6C30EEFAF]
	(No symbol) [0x00007FF6C310EFB2]
	(No symbol) [0x00007FF6C30E6FF3]
	(No symbol) [0x00007FF6C30AFF0E]
	(No symbol) [0x00007FF6C30B1193]
	GetHandleVerifier [0x00007FF6C35AD5FD+3479469]
	GetHandleVerifier [0x00007FF6C35C71A3+3584851]
	GetHandleVerifier [0x00007FF6C35BC44D+3540477]
	GetHandleVerifier [0x00007FF6C3328B6A+838938]
	(No symbol) [0x00007FF6C31DA4EF]
	(No symbol) [0x00007FF6C31D6954]
	(No symbol) [0x00007FF6C31D6AF6]
	(No symbol) [0x00007FF6C31C6499]
	BaseThreadInitThunk [0x00007FFFE0627374+20]
	RtlUserThreadStart [0x00007FFFE24FCC91+33]

2025-02-11 09:08:35,249 - root - INFO -  Se valida que el ingreso al sistema es correcto
2025-02-11 09:08:39,952 - root - INFO -  Se busca la versión 4 en el sistema
2025-02-11 09:08:40,993 - root - INFO -  Versión encontrada: 4.0.0.40
2025-02-11 09:08:40,994 - root - INFO -  Nueva versión creada: 4.0.0.41
2025-02-11 09:08:43,603 - root - INFO -  Se presiona el boton 'Nuevo', para crear una nueva versión.
2025-02-11 09:08:51,747 - root - INFO -  Se busca la versión 4 con pex en el sistema
2025-02-11 09:08:55,692 - root - INFO -  Ingresa al código pex.
2025-02-11 09:08:59,319 - root - INFO -  Ingresa al menú Servidor y Versión.
2025-02-11 09:09:03,002 - root - INFO -  Se dio click correctamente en el desplegable
2025-02-11 09:09:04,038 - root - INFO -  Versión actual: 4.0.0.40
2025-02-11 09:09:04,315 - root - INFO -  Nueva versión creada: 4.0.0.41
2025-02-11 09:09:08,270 - root - INFO -  Se actualiza la BD de la nueva versión
2025-02-11 09:09:16,323 - root - INFO -  Se acepta la actualización de la BD de la nueva versión
2025-02-11 09:09:16,389 - root - ERROR - ERROR 403 DETECTADO: You don't have permission to access /4.0.0.41/dbupdate.ashx on this server.
2025-02-11 09:22:07,006 - root - INFO -  Se valida que el ingreso al sistema es correcto
2025-02-11 09:22:11,469 - root - INFO -  Se busca la versión 4 en el sistema
2025-02-11 09:22:12,514 - root - INFO -  Versión encontrada: 4.0.0.39
2025-02-11 09:22:12,515 - root - INFO -  Nueva versión creada: 4.0.0.40
2025-02-11 09:22:15,113 - root - INFO -  Se presiona el boton 'Nuevo', para crear una nueva versión.
2025-02-11 09:22:23,390 - root - INFO -  Se busca la versión 4 con pex en el sistema
2025-02-11 09:22:27,379 - root - INFO -  Ingresa al código pex.
2025-02-11 09:22:31,015 - root - INFO -  Ingresa al menú Servidor y Versión.
2025-02-11 09:22:34,697 - root - INFO -  Se dio click correctamente en el desplegable
2025-02-11 09:22:35,761 - root - INFO -  Versión actual: 4.0.0.39
2025-02-11 09:22:36,061 - root - INFO -  Nueva versión creada: 4.0.0.40
2025-02-11 09:22:39,889 - root - INFO -  Se actualiza la BD de la nueva versión
2025-02-11 09:22:47,639 - root - INFO -  Se acepta la actualización de la BD de la nueva versión
2025-02-11 09:22:48,163 - root - ERROR - ERROR 403 DETECTADO: You don't have permission to access /4.0.0.40/dbupdate.ashx on this server.
2025-02-11 09:22:59,061 - root - ERROR - No se pudo cerrar la ventana de versiones: Message: 
Stacktrace:
	GetHandleVerifier [0x00007FF6C3262EC5+28789]
	(No symbol) [0x00007FF6C31CF870]
	(No symbol) [0x00007FF6C3068F9A]
	(No symbol) [0x00007FF6C30BF236]
	(No symbol) [0x00007FF6C30BF46C]
	(No symbol) [0x00007FF6C31129F7]
	(No symbol) [0x00007FF6C30E725F]
	(No symbol) [0x00007FF6C310F6C3]
	(No symbol) [0x00007FF6C30E6FF3]
	(No symbol) [0x00007FF6C30AFF0E]
	(No symbol) [0x00007FF6C30B1193]
	GetHandleVerifier [0x00007FF6C35AD5FD+3479469]
	GetHandleVerifier [0x00007FF6C35C71A3+3584851]
	GetHandleVerifier [0x00007FF6C35BC44D+3540477]
	GetHandleVerifier [0x00007FF6C3328B6A+838938]
	(No symbol) [0x00007FF6C31DA4EF]
	(No symbol) [0x00007FF6C31D6954]
	(No symbol) [0x00007FF6C31D6AF6]
	(No symbol) [0x00007FF6C31C6499]
	BaseThreadInitThunk [0x00007FFFE0627374+20]
	RtlUserThreadStart [0x00007FFFE24FCC91+33]

2025-02-11 09:29:56,088 - root - INFO -  Se valida que el ingreso al sistema es correcto
2025-02-11 09:30:01,365 - root - INFO -  Se busca la versión 4 en el sistema
2025-02-11 09:30:02,397 - root - INFO -  Versión encontrada: 4.0.0.39
2025-02-11 09:30:02,398 - root - INFO -  Nueva versión creada: 4.0.0.40
2025-02-11 09:30:05,011 - root - INFO -  Se presiona el boton 'Nuevo', para crear una nueva versión.
2025-02-11 09:30:14,302 - root - INFO -  Se busca la versión 4 con pex en el sistema
2025-02-11 09:30:17,921 - root - INFO -  Ingresa al código pex.
2025-02-11 09:30:21,552 - root - INFO -  Ingresa al menú Servidor y Versión.
2025-02-11 09:30:25,263 - root - INFO -  Se dio click correctamente en el desplegable
2025-02-11 09:30:26,321 - root - INFO -  Versión actual: 4.0.0.39
2025-02-11 09:30:26,359 - root - INFO -  Nueva versión creada: 4.0.0.40
2025-02-11 09:30:30,339 - root - INFO -  Se actualiza la BD de la nueva versión
2025-02-11 09:30:37,999 - root - INFO -  Se acepta la actualización de la BD de la nueva versión
2025-02-11 09:30:38,073 - root - ERROR - ERROR 403 DETECTADO: You don't have permission to access /4.0.0.40/dbupdate.ashx on this server.
2025-02-11 09:30:48,915 - root - ERROR - No se pudo cerrar la ventana de versiones: Message: 
Stacktrace:
	GetHandleVerifier [0x00007FF6C3262EC5+28789]
	(No symbol) [0x00007FF6C31CF870]
	(No symbol) [0x00007FF6C3068F9A]
	(No symbol) [0x00007FF6C30BF236]
	(No symbol) [0x00007FF6C30BF46C]
	(No symbol) [0x00007FF6C31129F7]
	(No symbol) [0x00007FF6C30E725F]
	(No symbol) [0x00007FF6C310F6C3]
	(No symbol) [0x00007FF6C30E6FF3]
	(No symbol) [0x00007FF6C30AFF0E]
	(No symbol) [0x00007FF6C30B1193]
	GetHandleVerifier [0x00007FF6C35AD5FD+3479469]
	GetHandleVerifier [0x00007FF6C35C71A3+3584851]
	GetHandleVerifier [0x00007FF6C35BC44D+3540477]
	GetHandleVerifier [0x00007FF6C3328B6A+838938]
	(No symbol) [0x00007FF6C31DA4EF]
	(No symbol) [0x00007FF6C31D6954]
	(No symbol) [0x00007FF6C31D6AF6]
	(No symbol) [0x00007FF6C31C6499]
	BaseThreadInitThunk [0x00007FFFE0627374+20]
	RtlUserThreadStart [0x00007FFFE24FCC91+33]

2025-02-11 09:34:12,916 - root - INFO -  Se valida que el ingreso al sistema es correcto
2025-02-11 09:34:17,558 - root - INFO -  Se busca la versión 4 en el sistema
2025-02-11 09:34:18,629 - root - INFO -  Versión encontrada: 4.0.0.39
2025-02-11 09:34:18,629 - root - INFO -  Nueva versión creada: 4.0.0.40
2025-02-11 09:34:21,220 - root - INFO -  Se presiona el boton 'Nuevo', para crear una nueva versión.
2025-02-11 09:34:29,539 - root - INFO -  Se busca la versión 4 con pex en el sistema
2025-02-11 09:34:33,385 - root - INFO -  Ingresa al código pex.
2025-02-11 09:34:37,007 - root - INFO -  Ingresa al menú Servidor y Versión.
2025-02-11 09:34:40,723 - root - INFO -  Se dio click correctamente en el desplegable
2025-02-11 09:34:41,758 - root - INFO -  Versión actual: 4.0.0.39
2025-02-11 09:34:41,795 - root - INFO -  Nueva versión creada: 4.0.0.40
2025-02-11 09:34:45,627 - root - INFO -  Se actualiza la BD de la nueva versión
2025-02-11 09:34:53,465 - root - INFO -  Se acepta la actualización de la BD de la nueva versión
2025-02-11 09:34:53,504 - root - ERROR - ERROR 403 DETECTADO: You don't have permission to access /4.0.0.40/dbupdate.ashx on this server.
