2025-02-10 15:02:30,913 - root - INFO -  Se valida que el ingreso al sistema es correcto
2025-02-10 15:02:34,079 - root - INFO -  Se busca la versión 4 en el sistema
2025-02-10 15:02:35,147 - root - INFO -  Versión encontrada: 4.0.0.37
2025-02-10 15:02:35,148 - root - INFO -  Nueva versión creada: 4.0.0.38
2025-02-10 15:02:37,769 - root - INFO -  Se presiona el boton 'Nuevo', para crear una nueva versión.
2025-02-10 15:02:45,699 - root - INFO -  Se busca la versión 4 con pex en el sistema
2025-02-10 15:02:49,306 - root - INFO -  Ingresa al código pex.
2025-02-10 15:02:52,915 - root - INFO -  Ingresa al menú Servidor y Versión.
2025-02-10 15:02:56,590 - root - INFO -  Se dio click correctamente en el desplegable
2025-02-10 15:02:57,636 - root - ERROR - No se encontraron versiones en el desplegable
2025-02-10 15:03:01,300 - root - INFO -  Se actualiza la BD de la nueva versión
2025-02-10 15:03:08,984 - root - INFO -  Se acepta la actualización de la BD de la nueva versión
2025-02-10 15:03:09,041 - root - ERROR - ERROR 403 DETECTADO: You don't have permission to access /4.0.0.38/dbupdate.ashx on this server.
2025-02-10 15:03:09,042 - root - WARNING - No se encontró un mensaje de 'Finalizado'.
2025-02-10 15:03:29,553 - root - ERROR - No se pudo obtener el estado de la actualización de la base de datos: Message: 
Stacktrace:
	GetHandleVerifier [0x00007FF7589D2EC5+28789]
	(No symbol) [0x00007FF75893F870]
	(No symbol) [0x00007FF7587D8F9A]
	(No symbol) [0x00007FF75882F236]
	(No symbol) [0x00007FF75882F46C]
	(No symbol) [0x00007FF7588829F7]
	(No symbol) [0x00007FF75885725F]
	(No symbol) [0x00007FF75887F6C3]
	(No symbol) [0x00007FF758856FF3]
	(No symbol) [0x00007FF75881FF0E]
	(No symbol) [0x00007FF758821193]
	GetHandleVerifier [0x00007FF758D1D5FD+3479469]
	GetHandleVerifier [0x00007FF758D371A3+3584851]
	GetHandleVerifier [0x00007FF758D2C44D+3540477]
	GetHandleVerifier [0x00007FF758A98B6A+838938]
	(No symbol) [0x00007FF75894A4EF]
	(No symbol) [0x00007FF758946954]
	(No symbol) [0x00007FF758946AF6]
	(No symbol) [0x00007FF758936499]
	BaseThreadInitThunk [0x00007FFFE0627374+20]
	RtlUserThreadStart [0x00007FFFE24FCC91+33]

2025-02-10 15:05:05,187 - root - INFO -  Se valida que el ingreso al sistema es correcto
2025-02-10 15:05:08,615 - root - INFO -  Se busca la versión 4 en el sistema
2025-02-10 15:05:09,679 - root - INFO -  Versión encontrada: 4.0.0.37
2025-02-10 15:05:09,680 - root - INFO -  Nueva versión creada: 4.0.0.38
2025-02-10 15:05:12,310 - root - INFO -  Se presiona el boton 'Nuevo', para crear una nueva versión.
2025-02-10 15:05:20,175 - root - INFO -  Se busca la versión 4 con pex en el sistema
2025-02-10 15:05:23,813 - root - INFO -  Ingresa al código pex.
2025-02-10 15:05:27,418 - root - INFO -  Ingresa al menú Servidor y Versión.
2025-02-10 15:05:31,088 - root - INFO -  Se dio click correctamente en el desplegable
2025-02-10 15:05:32,141 - root - ERROR - No se encontraron versiones en el desplegable
2025-02-10 15:05:35,859 - root - INFO -  Se actualiza la BD de la nueva versión
2025-02-10 15:05:43,572 - root - INFO -  Se acepta la actualización de la BD de la nueva versión
2025-02-10 15:05:43,629 - root - ERROR - ERROR 403 DETECTADO: You don't have permission to access /4.0.0.38/dbupdate.ashx on this server.
2025-02-10 15:05:43,630 - root - WARNING - No se encontró un mensaje de 'Finalizado'.
2025-02-10 15:06:03,926 - root - ERROR - No se pudo obtener el estado de la actualización de la base de datos: Message: 
Stacktrace:
	GetHandleVerifier [0x00007FF7589D2EC5+28789]
	(No symbol) [0x00007FF75893F870]
	(No symbol) [0x00007FF7587D8F9A]
	(No symbol) [0x00007FF75882F236]
	(No symbol) [0x00007FF75882F46C]
	(No symbol) [0x00007FF7588829F7]
	(No symbol) [0x00007FF75885725F]
	(No symbol) [0x00007FF75887F6C3]
	(No symbol) [0x00007FF758856FF3]
	(No symbol) [0x00007FF75881FF0E]
	(No symbol) [0x00007FF758821193]
	GetHandleVerifier [0x00007FF758D1D5FD+3479469]
	GetHandleVerifier [0x00007FF758D371A3+3584851]
	GetHandleVerifier [0x00007FF758D2C44D+3540477]
	GetHandleVerifier [0x00007FF758A98B6A+838938]
	(No symbol) [0x00007FF75894A4EF]
	(No symbol) [0x00007FF758946954]
	(No symbol) [0x00007FF758946AF6]
	(No symbol) [0x00007FF758936499]
	BaseThreadInitThunk [0x00007FFFE0627374+20]
	RtlUserThreadStart [0x00007FFFE24FCC91+33]

2025-02-10 15:08:06,774 - root - INFO -  Se valida que el ingreso al sistema es correcto
2025-02-10 15:08:09,680 - root - INFO -  Se busca la versión 4 en el sistema
2025-02-10 15:08:10,712 - root - INFO -  Versión encontrada: 4.0.0.37
2025-02-10 15:08:10,712 - root - INFO -  Nueva versión creada: 4.0.0.38
2025-02-10 15:08:13,321 - root - INFO -  Se presiona el boton 'Nuevo', para crear una nueva versión.
2025-02-10 15:08:21,175 - root - INFO -  Se busca la versión 4 con pex en el sistema
2025-02-10 15:08:24,819 - root - INFO -  Ingresa al código pex.
2025-02-10 15:08:28,423 - root - INFO -  Ingresa al menú Servidor y Versión.
2025-02-10 15:08:32,113 - root - INFO -  Se dio click correctamente en el desplegable
2025-02-10 15:08:33,163 - root - ERROR - No se encontraron versiones en el desplegable
2025-02-10 15:08:36,893 - root - INFO -  Se actualiza la BD de la nueva versión
2025-02-10 15:08:44,587 - root - INFO -  Se acepta la actualización de la BD de la nueva versión
2025-02-10 15:08:44,647 - root - ERROR - ERROR 403 DETECTADO: You don't have permission to access /4.0.0.38/dbupdate.ashx on this server.
2025-02-10 15:08:44,648 - root - WARNING - No se encontró un mensaje de 'Finalizado'.
2025-02-10 15:09:05,062 - root - ERROR - No se pudo obtener el estado de la actualización de la base de datos: Message: 
Stacktrace:
	GetHandleVerifier [0x00007FF7589D2EC5+28789]
	(No symbol) [0x00007FF75893F870]
	(No symbol) [0x00007FF7587D8F9A]
	(No symbol) [0x00007FF75882F236]
	(No symbol) [0x00007FF75882F46C]
	(No symbol) [0x00007FF7588829F7]
	(No symbol) [0x00007FF75885725F]
	(No symbol) [0x00007FF75887F6C3]
	(No symbol) [0x00007FF758856FF3]
	(No symbol) [0x00007FF75881FF0E]
	(No symbol) [0x00007FF758821193]
	GetHandleVerifier [0x00007FF758D1D5FD+3479469]
	GetHandleVerifier [0x00007FF758D371A3+3584851]
	GetHandleVerifier [0x00007FF758D2C44D+3540477]
	GetHandleVerifier [0x00007FF758A98B6A+838938]
	(No symbol) [0x00007FF75894A4EF]
	(No symbol) [0x00007FF758946954]
	(No symbol) [0x00007FF758946AF6]
	(No symbol) [0x00007FF758936499]
	BaseThreadInitThunk [0x00007FFFE0627374+20]
	RtlUserThreadStart [0x00007FFFE24FCC91+33]

2025-02-10 15:13:05,566 - root - ERROR - No se pudo ingresar el usuario y/o la contraseña, validar el error: Message: invalid session id: session deleted as the browser has closed the connection
from disconnected: not connected to DevTools
  (Session info: chrome=133.0.6943.54)
Stacktrace:
	GetHandleVerifier [0x00007FF7589D2EC5+28789]
	(No symbol) [0x00007FF75893F870]
	(No symbol) [0x00007FF7587D8F9A]
	(No symbol) [0x00007FF7587C4DA5]
	(No symbol) [0x00007FF7587E971A]
	(No symbol) [0x00007FF75885EFAF]
	(No symbol) [0x00007FF75887EFB2]
	(No symbol) [0x00007FF758856FF3]
	(No symbol) [0x00007FF75881FF0E]
	(No symbol) [0x00007FF758821193]
	GetHandleVerifier [0x00007FF758D1D5FD+3479469]
	GetHandleVerifier [0x00007FF758D371A3+3584851]
	GetHandleVerifier [0x00007FF758D2C44D+3540477]
	GetHandleVerifier [0x00007FF758A98B6A+838938]
	(No symbol) [0x00007FF75894A4EF]
	(No symbol) [0x00007FF758946954]
	(No symbol) [0x00007FF758946AF6]
	(No symbol) [0x00007FF758936499]
	BaseThreadInitThunk [0x00007FFFE0627374+20]
	RtlUserThreadStart [0x00007FFFE24FCC91+33]

2025-02-10 15:16:52,857 - root - ERROR - No se pudo ingresar el usuario y/o la contraseña, validar el error: Message: 
Stacktrace:
	GetHandleVerifier [0x00007FF7589D2EC5+28789]
	(No symbol) [0x00007FF75893F870]
	(No symbol) [0x00007FF7587D8F9A]
	(No symbol) [0x00007FF75882F236]
	(No symbol) [0x00007FF75882F46C]
	(No symbol) [0x00007FF7588829F7]
	(No symbol) [0x00007FF75885725F]
	(No symbol) [0x00007FF75887F6C3]
	(No symbol) [0x00007FF758856FF3]
	(No symbol) [0x00007FF75881FF0E]
	(No symbol) [0x00007FF758821193]
	GetHandleVerifier [0x00007FF758D1D5FD+3479469]
	GetHandleVerifier [0x00007FF758D371A3+3584851]
	GetHandleVerifier [0x00007FF758D2C44D+3540477]
	GetHandleVerifier [0x00007FF758A98B6A+838938]
	(No symbol) [0x00007FF75894A4EF]
	(No symbol) [0x00007FF758946954]
	(No symbol) [0x00007FF758946AF6]
	(No symbol) [0x00007FF758936499]
	BaseThreadInitThunk [0x00007FFFE0627374+20]
	RtlUserThreadStart [0x00007FFFE24FCC91+33]

2025-02-10 15:26:36,251 - root - INFO -  Se valida que el ingreso al sistema es correcto
2025-02-10 15:26:39,317 - root - INFO -  Se busca la versión 4 en el sistema
2025-02-10 15:26:40,383 - root - INFO -  Versión encontrada: 4.0.0.38
2025-02-10 15:26:40,384 - root - INFO -  Nueva versión creada: 4.0.0.39
2025-02-10 15:26:43,016 - root - INFO -  Se presiona el boton 'Nuevo', para crear una nueva versión.
2025-02-10 15:26:50,882 - root - INFO -  Se busca la versión 4 con pex en el sistema
2025-02-10 15:26:54,520 - root - INFO -  Ingresa al código pex.
2025-02-10 15:26:58,132 - root - INFO -  Ingresa al menú Servidor y Versión.
2025-02-10 15:27:01,814 - root - INFO -  Se dio click correctamente en el desplegable
2025-02-10 15:27:02,863 - root - ERROR - No se encontraron versiones en el desplegable
2025-02-10 15:27:06,601 - root - INFO -  Se actualiza la BD de la nueva versión
2025-02-10 15:27:14,289 - root - INFO -  Se acepta la actualización de la BD de la nueva versión
2025-02-10 15:27:14,327 - root - ERROR - ERROR 403 DETECTADO: You don't have permission to access /4.0.0.39/dbupdate.ashx on this server.
2025-02-10 15:27:14,328 - root - WARNING - No se encontró un mensaje de 'Finalizado'.
2025-02-10 15:27:34,631 - root - ERROR - No se pudo obtener el estado de la actualización de la base de datos: Message: 
Stacktrace:
	GetHandleVerifier [0x00007FF7589D2EC5+28789]
	(No symbol) [0x00007FF75893F870]
	(No symbol) [0x00007FF7587D8F9A]
	(No symbol) [0x00007FF75882F236]
	(No symbol) [0x00007FF75882F46C]
	(No symbol) [0x00007FF7588829F7]
	(No symbol) [0x00007FF75885725F]
	(No symbol) [0x00007FF75887F6C3]
	(No symbol) [0x00007FF758856FF3]
	(No symbol) [0x00007FF75881FF0E]
	(No symbol) [0x00007FF758821193]
	GetHandleVerifier [0x00007FF758D1D5FD+3479469]
	GetHandleVerifier [0x00007FF758D371A3+3584851]
	GetHandleVerifier [0x00007FF758D2C44D+3540477]
	GetHandleVerifier [0x00007FF758A98B6A+838938]
	(No symbol) [0x00007FF75894A4EF]
	(No symbol) [0x00007FF758946954]
	(No symbol) [0x00007FF758946AF6]
	(No symbol) [0x00007FF758936499]
	BaseThreadInitThunk [0x00007FFFE0627374+20]
	RtlUserThreadStart [0x00007FFFE24FCC91+33]

2025-02-10 15:31:24,991 - root - INFO -  Se valida que el ingreso al sistema es correcto
2025-02-10 15:31:27,449 - root - INFO -  Se busca la versión 4 en el sistema
2025-02-10 15:31:28,492 - root - INFO -  Versión encontrada: 4.0.0.37
2025-02-10 15:31:28,492 - root - INFO -  Nueva versión creada: 4.0.0.38
2025-02-10 15:31:31,091 - root - INFO -  Se presiona el boton 'Nuevo', para crear una nueva versión.
2025-02-10 15:31:39,398 - root - INFO -  Se busca la versión 4 con pex en el sistema
2025-02-10 15:31:43,023 - root - INFO -  Ingresa al código pex.
2025-02-10 15:31:46,648 - root - INFO -  Ingresa al menú Servidor y Versión.
2025-02-10 15:31:50,327 - root - INFO -  Se dio click correctamente en el desplegable
2025-02-10 15:31:51,392 - root - INFO -  Versión actual: 4.0.0.37
2025-02-10 15:31:51,650 - root - INFO -  Nueva versión creada: 4.0.0.38
2025-02-10 15:31:55,401 - root - INFO -  Se actualiza la BD de la nueva versión
2025-02-10 15:32:03,152 - root - INFO -  Se acepta la actualización de la BD de la nueva versión
2025-02-10 15:32:03,214 - root - ERROR - ERROR 403 DETECTADO: You don't have permission to access /4.0.0.38/dbupdate.ashx on this server.
2025-02-10 15:32:03,215 - root - WARNING - No se encontró un mensaje de 'Finalizado'.
2025-02-10 15:32:23,587 - root - ERROR - No se pudo obtener el estado de la actualización de la base de datos: Message: 
Stacktrace:
	GetHandleVerifier [0x00007FF7589D2EC5+28789]
	(No symbol) [0x00007FF75893F870]
	(No symbol) [0x00007FF7587D8F9A]
	(No symbol) [0x00007FF75882F236]
	(No symbol) [0x00007FF75882F46C]
	(No symbol) [0x00007FF7588829F7]
	(No symbol) [0x00007FF75885725F]
	(No symbol) [0x00007FF75887F6C3]
	(No symbol) [0x00007FF758856FF3]
	(No symbol) [0x00007FF75881FF0E]
	(No symbol) [0x00007FF758821193]
	GetHandleVerifier [0x00007FF758D1D5FD+3479469]
	GetHandleVerifier [0x00007FF758D371A3+3584851]
	GetHandleVerifier [0x00007FF758D2C44D+3540477]
	GetHandleVerifier [0x00007FF758A98B6A+838938]
	(No symbol) [0x00007FF75894A4EF]
	(No symbol) [0x00007FF758946954]
	(No symbol) [0x00007FF758946AF6]
	(No symbol) [0x00007FF758936499]
	BaseThreadInitThunk [0x00007FFFE0627374+20]
	RtlUserThreadStart [0x00007FFFE24FCC91+33]

2025-02-10 15:36:56,367 - root - INFO -  Se valida que el ingreso al sistema es correcto
2025-02-10 15:36:59,272 - root - INFO -  Se busca la versión 4 en el sistema
2025-02-10 15:37:00,343 - root - INFO -  Versión encontrada: 4.0.0.38
2025-02-10 15:37:00,344 - root - INFO -  Nueva versión creada: 4.0.0.39
2025-02-10 15:37:02,946 - root - INFO -  Se presiona el boton 'Nuevo', para crear una nueva versión.
2025-02-10 15:37:10,892 - root - INFO -  Se busca la versión 4 con pex en el sistema
2025-02-10 15:37:14,512 - root - INFO -  Ingresa al código pex.
2025-02-10 15:37:18,139 - root - INFO -  Ingresa al menú Servidor y Versión.
2025-02-10 15:37:21,818 - root - INFO -  Se dio click correctamente en el desplegable
2025-02-10 15:37:22,865 - root - INFO -  Versión actual: 4.0.0.38
2025-02-10 15:37:23,130 - root - INFO -  Nueva versión creada: 4.0.0.39
2025-02-10 15:37:26,883 - root - INFO -  Se actualiza la BD de la nueva versión
2025-02-10 15:37:34,560 - root - INFO -  Se acepta la actualización de la BD de la nueva versión
2025-02-10 15:37:34,626 - root - ERROR - ERROR 403 DETECTADO: You don't have permission to access /4.0.0.39/dbupdate.ashx on this server.
2025-02-10 15:37:34,628 - root - WARNING - No se encontró un mensaje de 'Finalizado'.
2025-02-10 15:38:25,199 - root - ERROR - No se pudo obtener el estado de la actualización de la base de datos: Message: 
Stacktrace:
	GetHandleVerifier [0x00007FF7589D2EC5+28789]
	(No symbol) [0x00007FF75893F870]
	(No symbol) [0x00007FF7587D8F9A]
	(No symbol) [0x00007FF75882F236]
	(No symbol) [0x00007FF75882F46C]
	(No symbol) [0x00007FF7588829F7]
	(No symbol) [0x00007FF75885725F]
	(No symbol) [0x00007FF75887F6C3]
	(No symbol) [0x00007FF758856FF3]
	(No symbol) [0x00007FF75881FF0E]
	(No symbol) [0x00007FF758821193]
	GetHandleVerifier [0x00007FF758D1D5FD+3479469]
	GetHandleVerifier [0x00007FF758D371A3+3584851]
	GetHandleVerifier [0x00007FF758D2C44D+3540477]
	GetHandleVerifier [0x00007FF758A98B6A+838938]
	(No symbol) [0x00007FF75894A4EF]
	(No symbol) [0x00007FF758946954]
	(No symbol) [0x00007FF758946AF6]
	(No symbol) [0x00007FF758936499]
	BaseThreadInitThunk [0x00007FFFE0627374+20]
	RtlUserThreadStart [0x00007FFFE24FCC91+33]

