2025-02-18 11:00:01,739 - root - INFO -  Ingresa articulo 2
2025-02-18 11:00:05,050 - root - INFO -  Ingresa la cantidad del articulo 
2025-02-18 11:00:06,217 - root - INFO -  Se presiona el boton 'Aceptar', para ingresar el articulo y la cantidad.
2025-02-18 11:00:10,020 - root - INFO -  Ingresa articulo 3
2025-02-18 11:00:12,292 - root - INFO -  Ingresa la cantidad del articulo 
2025-02-18 11:00:13,420 - root - INFO -  Se presiona el boton 'Aceptar', para ingresar el articulo y la cantidad.
2025-02-18 11:00:16,589 - root - INFO -  Se presiona el boton 'Cancelar', para mostrar la informacion del reporte.
2025-02-18 11:00:18,715 - root - INFO - Se da click a la información a detalle de la venta de contado
2025-02-18 11:00:20,792 - root - INFO - El IVA de la venta es correcto: 252.14
2025-02-18 11:00:21,838 - root - INFO - El total de la venta es correcto: 1,828.04
2025-02-18 11:00:22,968 - root - INFO - Se cierra información a detalle de la venta de contado
2025-02-18 11:00:24,077 - root - INFO -  Se da clic en el boton Guardar; se emite el documento.
2025-02-18 11:00:24,082 - root - ERROR - No se pudo actualizar el reporte DZ, validar el error: type object 'Configuracion' has no attribute 'btn_actualizareporte'
2025-02-18 11:00:24,405 - root - INFO - Despliega el menú Documentos
2025-02-18 11:00:24,445 - root - ERROR - Log_incorrect Message: element not interactable: [object HTMLDivElement] has no size and location
  (Session info: chrome=133.0.6943.54)
Stacktrace:
	GetHandleVerifier [0x00007FF703556F15+28773]
	(No symbol) [0x00007FF7034C2600]
	(No symbol) [0x00007FF703358FAA]
	(No symbol) [0x00007FF7033609B9]
	(No symbol) [0x00007FF70336377C]
	(No symbol) [0x00007FF70336384F]
	(No symbol) [0x00007FF7033B64C4]
	(No symbol) [0x00007FF7033B5720]
	(No symbol) [0x00007FF70340AA5E]
	(No symbol) [0x00007FF7033D724A]
	(No symbol) [0x00007FF7033FF6F3]
	(No symbol) [0x00007FF7033D7023]
	(No symbol) [0x00007FF70339FF5E]
	(No symbol) [0x00007FF7033A11E3]
	GetHandleVerifier [0x00007FF7038A425D+3490733]
	GetHandleVerifier [0x00007FF7038BBA43+3586963]
	GetHandleVerifier [0x00007FF7038B147D+3544525]
	GetHandleVerifier [0x00007FF70361C9DA+838442]
	(No symbol) [0x00007FF7034CD04F]
	(No symbol) [0x00007FF7034C9614]
	(No symbol) [0x00007FF7034C97B6]
	(No symbol) [0x00007FF7034B8CE9]
	BaseThreadInitThunk [0x00007FFDCD747374+20]
	RtlUserThreadStart [0x00007FFDCEA3CC91+33]

2025-02-18 11:01:14,432 - root - INFO -  Se encontro y abrio el documento emitido 
2025-02-18 11:01:17,828 - root - INFO -  Se encontro y abrio el documento emitido 
2025-02-18 11:01:19,899 - root - ERROR - No se encontró el botón 'Cerrar', favor de validar el error: Message: element not interactable
  (Session info: chrome=133.0.6943.54)
Stacktrace:
	GetHandleVerifier [0x00007FF703556F15+28773]
	(No symbol) [0x00007FF7034C2600]
	(No symbol) [0x00007FF703358DDC]
	(No symbol) [0x00007FF7033B06B4]
	(No symbol) [0x00007FF7033A2284]
	(No symbol) [0x00007FF7033D724A]
	(No symbol) [0x00007FF7033A1B36]
	(No symbol) [0x00007FF7033D7460]
	(No symbol) [0x00007FF7033FF6F3]
	(No symbol) [0x00007FF7033D7023]
	(No symbol) [0x00007FF70339FF5E]
	(No symbol) [0x00007FF7033A11E3]
	GetHandleVerifier [0x00007FF7038A425D+3490733]
	GetHandleVerifier [0x00007FF7038BBA43+3586963]
	GetHandleVerifier [0x00007FF7038B147D+3544525]
	GetHandleVerifier [0x00007FF70361C9DA+838442]
	(No symbol) [0x00007FF7034CD04F]
	(No symbol) [0x00007FF7034C9614]
	(No symbol) [0x00007FF7034C97B6]
	(No symbol) [0x00007FF7034B8CE9]
	BaseThreadInitThunk [0x00007FFDCD747374+20]
	RtlUserThreadStart [0x00007FFDCEA3CC91+33]

2025-02-18 11:01:27,436 - root - INFO - Se ingresó el usuario y contraseña correspondiente a la prueba para ingresar a la base
2025-02-18 11:01:45,082 - root - INFO - Se hace el ingreso correcto a la base y se visualiza la pantalla principal de PWST 2.0
2025-02-18 11:01:55,147 - root - ERROR - No se pudo cambiar cerrar la sesión activa, favor de validar el error: Message: 
Stacktrace:
	GetHandleVerifier [0x00007FF703556F15+28773]
	(No symbol) [0x00007FF7034C2600]
	(No symbol) [0x00007FF703358FAA]
	(No symbol) [0x00007FF7033AF286]
	(No symbol) [0x00007FF7033AF4BC]
	(No symbol) [0x00007FF703402A27]
	(No symbol) [0x00007FF7033D728F]
	(No symbol) [0x00007FF7033FF6F3]
	(No symbol) [0x00007FF7033D7023]
	(No symbol) [0x00007FF70339FF5E]
	(No symbol) [0x00007FF7033A11E3]
	GetHandleVerifier [0x00007FF7038A425D+3490733]
	GetHandleVerifier [0x00007FF7038BBA43+3586963]
	GetHandleVerifier [0x00007FF7038B147D+3544525]
	GetHandleVerifier [0x00007FF70361C9DA+838442]
	(No symbol) [0x00007FF7034CD04F]
	(No symbol) [0x00007FF7034C9614]
	(No symbol) [0x00007FF7034C97B6]
	(No symbol) [0x00007FF7034B8CE9]
	BaseThreadInitThunk [0x00007FFDCD747374+20]
	RtlUserThreadStart [0x00007FFDCEA3CC91+33]

2025-02-18 11:02:05,614 - root - ERROR - No se pudo cambiar el tipo de menu, validar el error: Message: 

2025-02-18 11:02:05,617 - root - ERROR -  El ingreso al loggin no fue correcto, favor de validar el siguiente error: Message: 

2025-02-18 11:03:06,077 - root - ERROR - No se pudo ejecutar la funcion ingreso_tabla_articulos Message: 
Stacktrace:
	GetHandleVerifier [0x00007FF703556F15+28773]
	(No symbol) [0x00007FF7034C2600]
	(No symbol) [0x00007FF703358FAA]
	(No symbol) [0x00007FF7033AF286]
	(No symbol) [0x00007FF7033AF4BC]
	(No symbol) [0x00007FF703402A27]
	(No symbol) [0x00007FF7033D728F]
	(No symbol) [0x00007FF7033FF6F3]
	(No symbol) [0x00007FF7033D7023]
	(No symbol) [0x00007FF70339FF5E]
	(No symbol) [0x00007FF7033A11E3]
	GetHandleVerifier [0x00007FF7038A425D+3490733]
	GetHandleVerifier [0x00007FF7038BBA43+3586963]
	GetHandleVerifier [0x00007FF7038B147D+3544525]
	GetHandleVerifier [0x00007FF70361C9DA+838442]
	(No symbol) [0x00007FF7034CD04F]
	(No symbol) [0x00007FF7034C9614]
	(No symbol) [0x00007FF7034C97B6]
	(No symbol) [0x00007FF7034B8CE9]
	BaseThreadInitThunk [0x00007FFDCD747374+20]
	RtlUserThreadStart [0x00007FFDCEA3CC91+33]

2025-02-18 11:04:06,517 - root - ERROR -  El ingreso para a la pantalla de precios no fue correcto, favor de validar el error: Message: 
Stacktrace:
	GetHandleVerifier [0x00007FF703556F15+28773]
	(No symbol) [0x00007FF7034C2600]
	(No symbol) [0x00007FF703358FAA]
	(No symbol) [0x00007FF7033AF286]
	(No symbol) [0x00007FF7033AF4BC]
	(No symbol) [0x00007FF703402A27]
	(No symbol) [0x00007FF7033D728F]
	(No symbol) [0x00007FF7033FF6F3]
	(No symbol) [0x00007FF7033D7023]
	(No symbol) [0x00007FF70339FF5E]
	(No symbol) [0x00007FF7033A11E3]
	GetHandleVerifier [0x00007FF7038A425D+3490733]
	GetHandleVerifier [0x00007FF7038BBA43+3586963]
	GetHandleVerifier [0x00007FF7038B147D+3544525]
	GetHandleVerifier [0x00007FF70361C9DA+838442]
	(No symbol) [0x00007FF7034CD04F]
	(No symbol) [0x00007FF7034C9614]
	(No symbol) [0x00007FF7034C97B6]
	(No symbol) [0x00007FF7034B8CE9]
	BaseThreadInitThunk [0x00007FFDCD747374+20]
	RtlUserThreadStart [0x00007FFDCEA3CC91+33]

2025-02-18 11:05:08,947 - root - ERROR -  El ingreso para a la pantalla del reporte de stock no fue correcto, favor de validar el error: Message: 
Stacktrace:
	GetHandleVerifier [0x00007FF703556F15+28773]
	(No symbol) [0x00007FF7034C2600]
	(No symbol) [0x00007FF703358FAA]
	(No symbol) [0x00007FF7033AF286]
	(No symbol) [0x00007FF7033AF4BC]
	(No symbol) [0x00007FF703402A27]
	(No symbol) [0x00007FF7033D728F]
	(No symbol) [0x00007FF7033FF6F3]
	(No symbol) [0x00007FF7033D7023]
	(No symbol) [0x00007FF70339FF5E]
	(No symbol) [0x00007FF7033A11E3]
	GetHandleVerifier [0x00007FF7038A425D+3490733]
	GetHandleVerifier [0x00007FF7038BBA43+3586963]
	GetHandleVerifier [0x00007FF7038B147D+3544525]
	GetHandleVerifier [0x00007FF70361C9DA+838442]
	(No symbol) [0x00007FF7034CD04F]
	(No symbol) [0x00007FF7034C9614]
	(No symbol) [0x00007FF7034C97B6]
	(No symbol) [0x00007FF7034B8CE9]
	BaseThreadInitThunk [0x00007FFDCD747374+20]
	RtlUserThreadStart [0x00007FFDCEA3CC91+33]

2025-02-18 11:06:14,412 - root - ERROR - No se obtuvo datos:Message: 
Stacktrace:
	GetHandleVerifier [0x00007FF703556F15+28773]
	(No symbol) [0x00007FF7034C2600]
	(No symbol) [0x00007FF703358FAA]
	(No symbol) [0x00007FF7033AF286]
	(No symbol) [0x00007FF7033AF4BC]
	(No symbol) [0x00007FF703402A27]
	(No symbol) [0x00007FF7033D728F]
	(No symbol) [0x00007FF7033FF6F3]
	(No symbol) [0x00007FF7033D7023]
	(No symbol) [0x00007FF70339FF5E]
	(No symbol) [0x00007FF7033A11E3]
	GetHandleVerifier [0x00007FF7038A425D+3490733]
	GetHandleVerifier [0x00007FF7038BBA43+3586963]
	GetHandleVerifier [0x00007FF7038B147D+3544525]
	GetHandleVerifier [0x00007FF70361C9DA+838442]
	(No symbol) [0x00007FF7034CD04F]
	(No symbol) [0x00007FF7034C9614]
	(No symbol) [0x00007FF7034C97B6]
	(No symbol) [0x00007FF7034B8CE9]
	BaseThreadInitThunk [0x00007FFDCD747374+20]
	RtlUserThreadStart [0x00007FFDCEA3CC91+33]

2025-02-18 11:07:16,905 - root - ERROR - Log_incorrect Message: 
Stacktrace:
	GetHandleVerifier [0x00007FF703556F15+28773]
	(No symbol) [0x00007FF7034C2600]
	(No symbol) [0x00007FF703358FAA]
	(No symbol) [0x00007FF7033AF286]
	(No symbol) [0x00007FF7033AF4BC]
	(No symbol) [0x00007FF703402A27]
	(No symbol) [0x00007FF7033D728F]
	(No symbol) [0x00007FF7033FF6F3]
	(No symbol) [0x00007FF7033D7023]
	(No symbol) [0x00007FF70339FF5E]
	(No symbol) [0x00007FF7033A11E3]
	GetHandleVerifier [0x00007FF7038A425D+3490733]
	GetHandleVerifier [0x00007FF7038BBA43+3586963]
	GetHandleVerifier [0x00007FF7038B147D+3544525]
	GetHandleVerifier [0x00007FF70361C9DA+838442]
	(No symbol) [0x00007FF7034CD04F]
	(No symbol) [0x00007FF7034C9614]
	(No symbol) [0x00007FF7034C97B6]
	(No symbol) [0x00007FF7034B8CE9]
	BaseThreadInitThunk [0x00007FFDCD747374+20]
	RtlUserThreadStart [0x00007FFDCEA3CC91+33]

2025-02-18 11:08:19,245 - root - ERROR - No se pudo ingresar los datos al documento Venta de contado Message: 
Stacktrace:
	GetHandleVerifier [0x00007FF703556F15+28773]
	(No symbol) [0x00007FF7034C2600]
	(No symbol) [0x00007FF703358FAA]
	(No symbol) [0x00007FF7033AF286]
	(No symbol) [0x00007FF7033AF4BC]
	(No symbol) [0x00007FF703402A27]
	(No symbol) [0x00007FF7033D728F]
	(No symbol) [0x00007FF7033FF6F3]
	(No symbol) [0x00007FF7033D7023]
	(No symbol) [0x00007FF70339FF5E]
	(No symbol) [0x00007FF7033A11E3]
	GetHandleVerifier [0x00007FF7038A425D+3490733]
	GetHandleVerifier [0x00007FF7038BBA43+3586963]
	GetHandleVerifier [0x00007FF7038B147D+3544525]
	GetHandleVerifier [0x00007FF70361C9DA+838442]
	(No symbol) [0x00007FF7034CD04F]
	(No symbol) [0x00007FF7034C9614]
	(No symbol) [0x00007FF7034C97B6]
	(No symbol) [0x00007FF7034B8CE9]
	BaseThreadInitThunk [0x00007FFDCD747374+20]
	RtlUserThreadStart [0x00007FFDCEA3CC91+33]

2025-02-18 11:09:19,511 - root - ERROR - Validar el error: Message: 
Stacktrace:
	GetHandleVerifier [0x00007FF703556F15+28773]
	(No symbol) [0x00007FF7034C2600]
	(No symbol) [0x00007FF703358FAA]
	(No symbol) [0x00007FF7033AF286]
	(No symbol) [0x00007FF7033AF4BC]
	(No symbol) [0x00007FF703402A27]
	(No symbol) [0x00007FF7033D728F]
	(No symbol) [0x00007FF7033FF6F3]
	(No symbol) [0x00007FF7033D7023]
	(No symbol) [0x00007FF70339FF5E]
	(No symbol) [0x00007FF7033A11E3]
	GetHandleVerifier [0x00007FF7038A425D+3490733]
	GetHandleVerifier [0x00007FF7038BBA43+3586963]
	GetHandleVerifier [0x00007FF7038B147D+3544525]
	GetHandleVerifier [0x00007FF70361C9DA+838442]
	(No symbol) [0x00007FF7034CD04F]
	(No symbol) [0x00007FF7034C9614]
	(No symbol) [0x00007FF7034C97B6]
	(No symbol) [0x00007FF7034B8CE9]
	BaseThreadInitThunk [0x00007FFDCD747374+20]
	RtlUserThreadStart [0x00007FFDCEA3CC91+33]

2025-02-18 11:09:19,515 - root - ERROR - No se pudo actualizar el reporte DZ, validar el error: type object 'Configuracion' has no attribute 'btn_actualizareporte'
2025-02-18 11:10:19,788 - root - ERROR - Log_incorrect Message: 
Stacktrace:
	GetHandleVerifier [0x00007FF703556F15+28773]
	(No symbol) [0x00007FF7034C2600]
	(No symbol) [0x00007FF703358FAA]
	(No symbol) [0x00007FF7033AF286]
	(No symbol) [0x00007FF7033AF4BC]
	(No symbol) [0x00007FF703402A27]
	(No symbol) [0x00007FF7033D728F]
	(No symbol) [0x00007FF7033FF6F3]
	(No symbol) [0x00007FF7033D7023]
	(No symbol) [0x00007FF70339FF5E]
	(No symbol) [0x00007FF7033A11E3]
	GetHandleVerifier [0x00007FF7038A425D+3490733]
	GetHandleVerifier [0x00007FF7038BBA43+3586963]
	GetHandleVerifier [0x00007FF7038B147D+3544525]
	GetHandleVerifier [0x00007FF70361C9DA+838442]
	(No symbol) [0x00007FF7034CD04F]
	(No symbol) [0x00007FF7034C9614]
	(No symbol) [0x00007FF7034C97B6]
	(No symbol) [0x00007FF7034B8CE9]
	BaseThreadInitThunk [0x00007FFDCD747374+20]
	RtlUserThreadStart [0x00007FFDCEA3CC91+33]

2025-02-18 11:11:21,997 - root - ERROR - Validar el error: Message: 
Stacktrace:
	GetHandleVerifier [0x00007FF703556F15+28773]
	(No symbol) [0x00007FF7034C2600]
	(No symbol) [0x00007FF703358FAA]
	(No symbol) [0x00007FF7033AF286]
	(No symbol) [0x00007FF7033AF4BC]
	(No symbol) [0x00007FF703402A27]
	(No symbol) [0x00007FF7033D728F]
	(No symbol) [0x00007FF7033FF6F3]
	(No symbol) [0x00007FF7033D7023]
	(No symbol) [0x00007FF70339FF5E]
	(No symbol) [0x00007FF7033A11E3]
	GetHandleVerifier [0x00007FF7038A425D+3490733]
	GetHandleVerifier [0x00007FF7038BBA43+3586963]
	GetHandleVerifier [0x00007FF7038B147D+3544525]
	GetHandleVerifier [0x00007FF70361C9DA+838442]
	(No symbol) [0x00007FF7034CD04F]
	(No symbol) [0x00007FF7034C9614]
	(No symbol) [0x00007FF7034C97B6]
	(No symbol) [0x00007FF7034B8CE9]
	BaseThreadInitThunk [0x00007FFDCD747374+20]
	RtlUserThreadStart [0x00007FFDCEA3CC91+33]

2025-02-18 11:11:28,764 - root - INFO - Se ingresó el usuario y contraseña correspondiente a la prueba para ingresar a la base
2025-02-18 11:11:45,541 - root - INFO - Se hace el ingreso correcto a la base y se visualiza la pantalla principal de PWST 2.0
2025-02-18 11:11:55,615 - root - ERROR - No se pudo cambiar cerrar la sesión activa, favor de validar el error: Message: 
Stacktrace:
	GetHandleVerifier [0x00007FF703556F15+28773]
	(No symbol) [0x00007FF7034C2600]
	(No symbol) [0x00007FF703358FAA]
	(No symbol) [0x00007FF7033AF286]
	(No symbol) [0x00007FF7033AF4BC]
	(No symbol) [0x00007FF703402A27]
	(No symbol) [0x00007FF7033D728F]
	(No symbol) [0x00007FF7033FF6F3]
	(No symbol) [0x00007FF7033D7023]
	(No symbol) [0x00007FF70339FF5E]
	(No symbol) [0x00007FF7033A11E3]
	GetHandleVerifier [0x00007FF7038A425D+3490733]
	GetHandleVerifier [0x00007FF7038BBA43+3586963]
	GetHandleVerifier [0x00007FF7038B147D+3544525]
	GetHandleVerifier [0x00007FF70361C9DA+838442]
	(No symbol) [0x00007FF7034CD04F]
	(No symbol) [0x00007FF7034C9614]
	(No symbol) [0x00007FF7034C97B6]
	(No symbol) [0x00007FF7034B8CE9]
	BaseThreadInitThunk [0x00007FFDCD747374+20]
	RtlUserThreadStart [0x00007FFDCEA3CC91+33]

2025-02-18 11:12:05,926 - root - ERROR - No se pudo cambiar el tipo de menu, validar el error: Message: 

2025-02-18 11:12:05,937 - root - ERROR -  El ingreso al loggin no fue correcto, favor de validar el siguiente error: Message: 

2025-02-18 11:13:06,221 - root - ERROR - Validar el error: Message: 
Stacktrace:
	GetHandleVerifier [0x00007FF703556F15+28773]
	(No symbol) [0x00007FF7034C2600]
	(No symbol) [0x00007FF703358FAA]
	(No symbol) [0x00007FF7033AF286]
	(No symbol) [0x00007FF7033AF4BC]
	(No symbol) [0x00007FF703402A27]
	(No symbol) [0x00007FF7033D728F]
	(No symbol) [0x00007FF7033FF6F3]
	(No symbol) [0x00007FF7033D7023]
	(No symbol) [0x00007FF70339FF5E]
	(No symbol) [0x00007FF7033A11E3]
	GetHandleVerifier [0x00007FF7038A425D+3490733]
	GetHandleVerifier [0x00007FF7038BBA43+3586963]
	GetHandleVerifier [0x00007FF7038B147D+3544525]
	GetHandleVerifier [0x00007FF70361C9DA+838442]
	(No symbol) [0x00007FF7034CD04F]
	(No symbol) [0x00007FF7034C9614]
	(No symbol) [0x00007FF7034C97B6]
	(No symbol) [0x00007FF7034B8CE9]
	BaseThreadInitThunk [0x00007FFDCD747374+20]
	RtlUserThreadStart [0x00007FFDCEA3CC91+33]

2025-02-18 11:14:06,531 - root - ERROR - Log_incorrect Message: 
Stacktrace:
	GetHandleVerifier [0x00007FF703556F15+28773]
	(No symbol) [0x00007FF7034C2600]
	(No symbol) [0x00007FF703358FAA]
	(No symbol) [0x00007FF7033AF286]
	(No symbol) [0x00007FF7033AF4BC]
	(No symbol) [0x00007FF703402A27]
	(No symbol) [0x00007FF7033D728F]
	(No symbol) [0x00007FF7033FF6F3]
	(No symbol) [0x00007FF7033D7023]
	(No symbol) [0x00007FF70339FF5E]
	(No symbol) [0x00007FF7033A11E3]
	GetHandleVerifier [0x00007FF7038A425D+3490733]
	GetHandleVerifier [0x00007FF7038BBA43+3586963]
	GetHandleVerifier [0x00007FF7038B147D+3544525]
	GetHandleVerifier [0x00007FF70361C9DA+838442]
	(No symbol) [0x00007FF7034CD04F]
	(No symbol) [0x00007FF7034C9614]
	(No symbol) [0x00007FF7034C97B6]
	(No symbol) [0x00007FF7034B8CE9]
	BaseThreadInitThunk [0x00007FFDCD747374+20]
	RtlUserThreadStart [0x00007FFDCEA3CC91+33]

2025-02-18 11:15:08,871 - root - ERROR - No se pudo ingresar el cliente, validar que la acción anterior haya finalizado,que el xpath sea el correcto o que la página no presente lentitud Message: 
Stacktrace:
	GetHandleVerifier [0x00007FF703556F15+28773]
	(No symbol) [0x00007FF7034C2600]
	(No symbol) [0x00007FF703358FAA]
	(No symbol) [0x00007FF7033AF286]
	(No symbol) [0x00007FF7033AF4BC]
	(No symbol) [0x00007FF703402A27]
	(No symbol) [0x00007FF7033D728F]
	(No symbol) [0x00007FF7033FF6F3]
	(No symbol) [0x00007FF7033D7023]
	(No symbol) [0x00007FF70339FF5E]
	(No symbol) [0x00007FF7033A11E3]
	GetHandleVerifier [0x00007FF7038A425D+3490733]
	GetHandleVerifier [0x00007FF7038BBA43+3586963]
	GetHandleVerifier [0x00007FF7038B147D+3544525]
	GetHandleVerifier [0x00007FF70361C9DA+838442]
	(No symbol) [0x00007FF7034CD04F]
	(No symbol) [0x00007FF7034C9614]
	(No symbol) [0x00007FF7034C97B6]
	(No symbol) [0x00007FF7034B8CE9]
	BaseThreadInitThunk [0x00007FFDCD747374+20]
	RtlUserThreadStart [0x00007FFDCEA3CC91+33]

2025-02-18 11:15:15,393 - root - INFO - Venta de Contado número 5: Venta Contado 20 items
2025-02-18 11:15:17,715 - root - INFO - Se ingresó el usuario y contraseña correspondiente a la prueba para ingresar a la base
2025-02-18 11:15:34,886 - root - INFO - Se hace el ingreso correcto a la base y se visualiza la pantalla principal de PWST 2.0
2025-02-18 11:15:44,946 - root - ERROR - No se pudo cambiar cerrar la sesión activa, favor de validar el error: Message: 
Stacktrace:
	GetHandleVerifier [0x00007FF703556F15+28773]
	(No symbol) [0x00007FF7034C2600]
	(No symbol) [0x00007FF703358FAA]
	(No symbol) [0x00007FF7033AF286]
	(No symbol) [0x00007FF7033AF4BC]
	(No symbol) [0x00007FF703402A27]
	(No symbol) [0x00007FF7033D728F]
	(No symbol) [0x00007FF7033FF6F3]
	(No symbol) [0x00007FF7033D7023]
	(No symbol) [0x00007FF70339FF5E]
	(No symbol) [0x00007FF7033A11E3]
	GetHandleVerifier [0x00007FF7038A425D+3490733]
	GetHandleVerifier [0x00007FF7038BBA43+3586963]
	GetHandleVerifier [0x00007FF7038B147D+3544525]
	GetHandleVerifier [0x00007FF70361C9DA+838442]
	(No symbol) [0x00007FF7034CD04F]
	(No symbol) [0x00007FF7034C9614]
	(No symbol) [0x00007FF7034C97B6]
	(No symbol) [0x00007FF7034B8CE9]
	BaseThreadInitThunk [0x00007FFDCD747374+20]
	RtlUserThreadStart [0x00007FFDCEA3CC91+33]

2025-02-18 11:15:54,959 - root - ERROR - No se pudo cambiar el tipo de menu, validar el error: Message: 

2025-02-18 11:15:54,961 - root - ERROR -  El ingreso al loggin no fue correcto, favor de validar el siguiente error: Message: 

2025-02-18 11:16:55,353 - root - ERROR - No se logro dar click al menú reportes DZ, validar el error: Message: 
Stacktrace:
	GetHandleVerifier [0x00007FF703556F15+28773]
	(No symbol) [0x00007FF7034C2600]
	(No symbol) [0x00007FF703358FAA]
	(No symbol) [0x00007FF7033AF286]
	(No symbol) [0x00007FF7033AF4BC]
	(No symbol) [0x00007FF703402A27]
	(No symbol) [0x00007FF7033D728F]
	(No symbol) [0x00007FF7033FF6F3]
	(No symbol) [0x00007FF7033D7023]
	(No symbol) [0x00007FF70339FF5E]
	(No symbol) [0x00007FF7033A11E3]
	GetHandleVerifier [0x00007FF7038A425D+3490733]
	GetHandleVerifier [0x00007FF7038BBA43+3586963]
	GetHandleVerifier [0x00007FF7038B147D+3544525]
	GetHandleVerifier [0x00007FF70361C9DA+838442]
	(No symbol) [0x00007FF7034CD04F]
	(No symbol) [0x00007FF7034C9614]
	(No symbol) [0x00007FF7034C97B6]
	(No symbol) [0x00007FF7034B8CE9]
	BaseThreadInitThunk [0x00007FFDCD747374+20]
	RtlUserThreadStart [0x00007FFDCEA3CC91+33]

2025-02-18 11:17:55,719 - root - ERROR - Log_incorrect Message: 
Stacktrace:
	GetHandleVerifier [0x00007FF703556F15+28773]
	(No symbol) [0x00007FF7034C2600]
	(No symbol) [0x00007FF703358FAA]
	(No symbol) [0x00007FF7033AF286]
	(No symbol) [0x00007FF7033AF4BC]
	(No symbol) [0x00007FF703402A27]
	(No symbol) [0x00007FF7033D728F]
	(No symbol) [0x00007FF7033FF6F3]
	(No symbol) [0x00007FF7033D7023]
	(No symbol) [0x00007FF70339FF5E]
	(No symbol) [0x00007FF7033A11E3]
	GetHandleVerifier [0x00007FF7038A425D+3490733]
	GetHandleVerifier [0x00007FF7038BBA43+3586963]
	GetHandleVerifier [0x00007FF7038B147D+3544525]
	GetHandleVerifier [0x00007FF70361C9DA+838442]
	(No symbol) [0x00007FF7034CD04F]
	(No symbol) [0x00007FF7034C9614]
	(No symbol) [0x00007FF7034C97B6]
	(No symbol) [0x00007FF7034B8CE9]
	BaseThreadInitThunk [0x00007FFDCD747374+20]
	RtlUserThreadStart [0x00007FFDCEA3CC91+33]

2025-02-18 11:18:58,070 - root - ERROR - No se logró dar click para agregar items a la venta. Message: 
Stacktrace:
	GetHandleVerifier [0x00007FF703556F15+28773]
	(No symbol) [0x00007FF7034C2600]
	(No symbol) [0x00007FF703358FAA]
	(No symbol) [0x00007FF7033AF286]
	(No symbol) [0x00007FF7033AF4BC]
	(No symbol) [0x00007FF703402A27]
	(No symbol) [0x00007FF7033D728F]
	(No symbol) [0x00007FF7033FF6F3]
	(No symbol) [0x00007FF7033D7023]
	(No symbol) [0x00007FF70339FF5E]
	(No symbol) [0x00007FF7033A11E3]
	GetHandleVerifier [0x00007FF7038A425D+3490733]
	GetHandleVerifier [0x00007FF7038BBA43+3586963]
	GetHandleVerifier [0x00007FF7038B147D+3544525]
	GetHandleVerifier [0x00007FF70361C9DA+838442]
	(No symbol) [0x00007FF7034CD04F]
	(No symbol) [0x00007FF7034C9614]
	(No symbol) [0x00007FF7034C97B6]
	(No symbol) [0x00007FF7034B8CE9]
	BaseThreadInitThunk [0x00007FFDCD747374+20]
	RtlUserThreadStart [0x00007FFDCEA3CC91+33]

2025-02-18 11:20:00,410 - root - ERROR - No se logró ingresar el código del artículo a comprar. Message: 
Stacktrace:
	GetHandleVerifier [0x00007FF703556F15+28773]
	(No symbol) [0x00007FF7034C2600]
	(No symbol) [0x00007FF703358FAA]
	(No symbol) [0x00007FF7033AF286]
	(No symbol) [0x00007FF7033AF4BC]
	(No symbol) [0x00007FF703402A27]
	(No symbol) [0x00007FF7033D728F]
	(No symbol) [0x00007FF7033FF6F3]
	(No symbol) [0x00007FF7033D7023]
	(No symbol) [0x00007FF70339FF5E]
	(No symbol) [0x00007FF7033A11E3]
	GetHandleVerifier [0x00007FF7038A425D+3490733]
	GetHandleVerifier [0x00007FF7038BBA43+3586963]
	GetHandleVerifier [0x00007FF7038B147D+3544525]
	GetHandleVerifier [0x00007FF70361C9DA+838442]
	(No symbol) [0x00007FF7034CD04F]
	(No symbol) [0x00007FF7034C9614]
	(No symbol) [0x00007FF7034C97B6]
	(No symbol) [0x00007FF7034B8CE9]
	BaseThreadInitThunk [0x00007FFDCD747374+20]
	RtlUserThreadStart [0x00007FFDCEA3CC91+33]

2025-02-18 11:21:02,516 - root - ERROR - Validar el error. Message: 
Stacktrace:
	GetHandleVerifier [0x00007FF703556F15+28773]
	(No symbol) [0x00007FF7034C2600]
	(No symbol) [0x00007FF703358FAA]
	(No symbol) [0x00007FF7033AF286]
	(No symbol) [0x00007FF7033AF4BC]
	(No symbol) [0x00007FF703402A27]
	(No symbol) [0x00007FF7033D728F]
	(No symbol) [0x00007FF7033FF6F3]
	(No symbol) [0x00007FF7033D7023]
	(No symbol) [0x00007FF70339FF5E]
	(No symbol) [0x00007FF7033A11E3]
	GetHandleVerifier [0x00007FF7038A425D+3490733]
	GetHandleVerifier [0x00007FF7038BBA43+3586963]
	GetHandleVerifier [0x00007FF7038B147D+3544525]
	GetHandleVerifier [0x00007FF70361C9DA+838442]
	(No symbol) [0x00007FF7034CD04F]
	(No symbol) [0x00007FF7034C9614]
	(No symbol) [0x00007FF7034C97B6]
	(No symbol) [0x00007FF7034B8CE9]
	BaseThreadInitThunk [0x00007FFDCD747374+20]
	RtlUserThreadStart [0x00007FFDCEA3CC91+33]

2025-02-18 11:21:02,523 - root - ERROR - No se pudo ingresar a reportes DZ, validar el error: type object 'Configuracion' has no attribute 'btn_actualizareporte'
2025-02-18 11:22:02,987 - root - ERROR - Log_incorrect Message: 
Stacktrace:
	GetHandleVerifier [0x00007FF703556F15+28773]
	(No symbol) [0x00007FF7034C2600]
	(No symbol) [0x00007FF703358FAA]
	(No symbol) [0x00007FF7033AF286]
	(No symbol) [0x00007FF7033AF4BC]
	(No symbol) [0x00007FF703402A27]
	(No symbol) [0x00007FF7033D728F]
	(No symbol) [0x00007FF7033FF6F3]
	(No symbol) [0x00007FF7033D7023]
	(No symbol) [0x00007FF70339FF5E]
	(No symbol) [0x00007FF7033A11E3]
	GetHandleVerifier [0x00007FF7038A425D+3490733]
	GetHandleVerifier [0x00007FF7038BBA43+3586963]
	GetHandleVerifier [0x00007FF7038B147D+3544525]
	GetHandleVerifier [0x00007FF70361C9DA+838442]
	(No symbol) [0x00007FF7034CD04F]
	(No symbol) [0x00007FF7034C9614]
	(No symbol) [0x00007FF7034C97B6]
	(No symbol) [0x00007FF7034B8CE9]
	BaseThreadInitThunk [0x00007FFDCD747374+20]
	RtlUserThreadStart [0x00007FFDCEA3CC91+33]

2025-02-18 11:23:05,206 - root - ERROR - Validar el error. Message: 
Stacktrace:
	GetHandleVerifier [0x00007FF703556F15+28773]
	(No symbol) [0x00007FF7034C2600]
	(No symbol) [0x00007FF703358FAA]
	(No symbol) [0x00007FF7033AF286]
	(No symbol) [0x00007FF7033AF4BC]
	(No symbol) [0x00007FF703402A27]
	(No symbol) [0x00007FF7033D728F]
	(No symbol) [0x00007FF7033FF6F3]
	(No symbol) [0x00007FF7033D7023]
	(No symbol) [0x00007FF70339FF5E]
	(No symbol) [0x00007FF7033A11E3]
	GetHandleVerifier [0x00007FF7038A425D+3490733]
	GetHandleVerifier [0x00007FF7038BBA43+3586963]
	GetHandleVerifier [0x00007FF7038B147D+3544525]
	GetHandleVerifier [0x00007FF70361C9DA+838442]
	(No symbol) [0x00007FF7034CD04F]
	(No symbol) [0x00007FF7034C9614]
	(No symbol) [0x00007FF7034C97B6]
	(No symbol) [0x00007FF7034B8CE9]
	BaseThreadInitThunk [0x00007FFDCD747374+20]
	RtlUserThreadStart [0x00007FFDCEA3CC91+33]

2025-02-18 11:23:53,265 - root - ERROR - Validar el error. Message: target frame detached
  (failed to check if window was closed: disconnected: Unable to receive message from renderer)
  (Session info: chrome=133.0.6943.54)
Stacktrace:
	GetHandleVerifier [0x00007FF703556F15+28773]
	(No symbol) [0x00007FF7034C2600]
	(No symbol) [0x00007FF703358DDC]
	(No symbol) [0x00007FF7033460FB]
	(No symbol) [0x00007FF703344FAE]
	(No symbol) [0x00007FF70336973A]
	(No symbol) [0x00007FF7033DEFDF]
	(No symbol) [0x00007FF7033FEFE2]
	(No symbol) [0x00007FF7033D7023]
	(No symbol) [0x00007FF70339FF5E]
	(No symbol) [0x00007FF7033A11E3]
	GetHandleVerifier [0x00007FF7038A425D+3490733]
	GetHandleVerifier [0x00007FF7038BBA43+3586963]
	GetHandleVerifier [0x00007FF7038B147D+3544525]
	GetHandleVerifier [0x00007FF70361C9DA+838442]
	(No symbol) [0x00007FF7034CD04F]
	(No symbol) [0x00007FF7034C9614]
	(No symbol) [0x00007FF7034C97B6]
	(No symbol) [0x00007FF7034B8CE9]
	BaseThreadInitThunk [0x00007FFDCD747374+20]
	RtlUserThreadStart [0x00007FFDCEA3CC91+33]

2025-02-18 11:23:53,554 - root - ERROR - El ingreso al explorador de reportes no fue correcto. Message: invalid session id: session deleted as the browser has closed the connection
from disconnected: not connected to DevTools
  (Session info: chrome=133.0.6943.54)
Stacktrace:
	GetHandleVerifier [0x00007FF703556F15+28773]
	(No symbol) [0x00007FF7034C2600]
	(No symbol) [0x00007FF703358FAA]
	(No symbol) [0x00007FF703344DA5]
	(No symbol) [0x00007FF70336973A]
	(No symbol) [0x00007FF7033DEFDF]
	(No symbol) [0x00007FF7033FEFE2]
	(No symbol) [0x00007FF7033D7023]
	(No symbol) [0x00007FF70339FF5E]
	(No symbol) [0x00007FF7033A11E3]
	GetHandleVerifier [0x00007FF7038A425D+3490733]
	GetHandleVerifier [0x00007FF7038BBA43+3586963]
	GetHandleVerifier [0x00007FF7038B147D+3544525]
	GetHandleVerifier [0x00007FF70361C9DA+838442]
	(No symbol) [0x00007FF7034CD04F]
	(No symbol) [0x00007FF7034C9614]
	(No symbol) [0x00007FF7034C97B6]
	(No symbol) [0x00007FF7034B8CE9]
	BaseThreadInitThunk [0x00007FFDCD747374+20]
	RtlUserThreadStart [0x00007FFDCEA3CC91+33]

2025-02-18 11:23:58,566 - root - ERROR - No se pudo ingresar el numero de documento, validar que la acción anterior haya finalizado,que el xpath sea el correcto o que la página no presente lentitud Message: invalid session id
Stacktrace:
	GetHandleVerifier [0x00007FF703556F15+28773]
	(No symbol) [0x00007FF7034C2600]
	(No symbol) [0x00007FF703358DDC]
	(No symbol) [0x00007FF70339F17F]
	(No symbol) [0x00007FF7033D7112]
	(No symbol) [0x00007FF7033D1AA9]
	(No symbol) [0x00007FF7033D0B59]
	(No symbol) [0x00007FF703325595]
	GetHandleVerifier [0x00007FF7038A425D+3490733]
	GetHandleVerifier [0x00007FF7038BBA43+3586963]
	GetHandleVerifier [0x00007FF7038B147D+3544525]
	GetHandleVerifier [0x00007FF70361C9DA+838442]
	(No symbol) [0x00007FF7034CD04F]
	(No symbol) [0x00007FF7033241AE]
	GetHandleVerifier [0x00007FF70392EDA8+4058872]
	BaseThreadInitThunk [0x00007FFDCD747374+20]
	RtlUserThreadStart [0x00007FFDCEA3CC91+33]

2025-02-18 11:23:58,574 - root - ERROR - No se dio click al botón Ver, validar que la acción anterior haya finalizado,que el xpath sea el correcto o que la página no presente lentitud Message: invalid session id
Stacktrace:
	GetHandleVerifier [0x00007FF703556F15+28773]
	(No symbol) [0x00007FF7034C2600]
	(No symbol) [0x00007FF703358DDC]
	(No symbol) [0x00007FF70339F17F]
	(No symbol) [0x00007FF7033D7112]
	(No symbol) [0x00007FF7033D1AA9]
	(No symbol) [0x00007FF7033D0B59]
	(No symbol) [0x00007FF703325595]
	GetHandleVerifier [0x00007FF7038A425D+3490733]
	GetHandleVerifier [0x00007FF7038BBA43+3586963]
	GetHandleVerifier [0x00007FF7038B147D+3544525]
	GetHandleVerifier [0x00007FF70361C9DA+838442]
	(No symbol) [0x00007FF7034CD04F]
	(No symbol) [0x00007FF7033241AE]
	GetHandleVerifier [0x00007FF70392EDA8+4058872]
	BaseThreadInitThunk [0x00007FFDCD747374+20]
	RtlUserThreadStart [0x00007FFDCEA3CC91+33]

2025-02-18 11:23:58,580 - root - ERROR - No se dio click al botón Ver, validar que la acción anterior haya finalizado,que el xpath sea el correcto o que la página no presente lentitud Message: invalid session id
Stacktrace:
	GetHandleVerifier [0x00007FF703556F15+28773]
	(No symbol) [0x00007FF7034C2600]
	(No symbol) [0x00007FF703358DDC]
	(No symbol) [0x00007FF70339F17F]
	(No symbol) [0x00007FF7033D7112]
	(No symbol) [0x00007FF7033D1AA9]
	(No symbol) [0x00007FF7033D0B59]
	(No symbol) [0x00007FF703325595]
	GetHandleVerifier [0x00007FF7038A425D+3490733]
	GetHandleVerifier [0x00007FF7038BBA43+3586963]
	GetHandleVerifier [0x00007FF7038B147D+3544525]
	GetHandleVerifier [0x00007FF70361C9DA+838442]
	(No symbol) [0x00007FF7034CD04F]
	(No symbol) [0x00007FF7033241AE]
	GetHandleVerifier [0x00007FF70392EDA8+4058872]
	BaseThreadInitThunk [0x00007FFDCD747374+20]
	RtlUserThreadStart [0x00007FFDCEA3CC91+33]

