2025-02-11 11:21:43,149 - root - INFO - Se ingresó el usuario y contraseña correspondiente a la prueba para ingresar a la base
2025-02-11 11:21:53,310 - root - INFO - Se hace el ingreso correcto a la base y se visualiza la pantalla principal de PWST 2.0
2025-02-11 11:22:03,843 - root - ERROR - No se pudo cambiar cerrar la sesión activa, favor de validar el error: Message: 
Stacktrace:
	GetHandleVerifier [0x00007FF6C3262EC5+28789]
	(No symbol) [0x00007FF6C31CF870]
	(No symbol) [0x00007FF6C3068F9A]
	(No symbol) [0x00007FF6C30BF236]
	(No symbol) [0x00007FF6C30BF46C]
	(No symbol) [0x00007FF6C31129F7]
	(No symbol) [0x00007FF6C30E725F]
	(No symbol) [0x00007FF6C310F6C3]
	(No symbol) [0x00007FF6C30E6FF3]
	(No symbol) [0x00007FF6C30AFF0E]
	(No symbol) [0x00007FF6C30B1193]
	GetHandleVerifier [0x00007FF6C35AD5FD+3479469]
	GetHandleVerifier [0x00007FF6C35C71A3+3584851]
	GetHandleVerifier [0x00007FF6C35BC44D+3540477]
	GetHandleVerifier [0x00007FF6C3328B6A+838938]
	(No symbol) [0x00007FF6C31DA4EF]
	(No symbol) [0x00007FF6C31D6954]
	(No symbol) [0x00007FF6C31D6AF6]
	(No symbol) [0x00007FF6C31C6499]
	BaseThreadInitThunk [0x00007FFFE0627374+20]
	RtlUserThreadStart [0x00007FFFE24FCC91+33]

2025-02-11 11:22:09,238 - root - INFO - Se ingresa al menú Tablas
2025-02-11 11:22:16,564 - root - INFO - Se ingresó al menú Articulos
2025-02-11 11:22:31,638 - root - INFO - Ingresa el codigo del articulo FA01001
2025-02-11 11:22:33,145 - root - INFO - Se presiona el boton 'Refrescar', para mostrar la informacion filtrada.
2025-02-11 11:22:48,613 - root - ERROR - No se validaron los articulos Message: no such element: Unable to locate element: {"method":"xpath","selector":"(//span[text()= 'FA03007'])[1]"}
  (Session info: chrome=133.0.6943.54); For documentation on this error, please visit: https://www.selenium.dev/documentation/webdriver/troubleshooting/errors#no-such-element-exception
Stacktrace:
	GetHandleVerifier [0x00007FF6C3262EC5+28789]
	(No symbol) [0x00007FF6C31CF870]
	(No symbol) [0x00007FF6C3068F9A]
	(No symbol) [0x00007FF6C30BF236]
	(No symbol) [0x00007FF6C30BF46C]
	(No symbol) [0x00007FF6C31129F7]
	(No symbol) [0x00007FF6C30E725F]
	(No symbol) [0x00007FF6C310F6C3]
	(No symbol) [0x00007FF6C30E6FF3]
	(No symbol) [0x00007FF6C30AFF0E]
	(No symbol) [0x00007FF6C30B1193]
	GetHandleVerifier [0x00007FF6C35AD5FD+3479469]
	GetHandleVerifier [0x00007FF6C35C71A3+3584851]
	GetHandleVerifier [0x00007FF6C35BC44D+3540477]
	GetHandleVerifier [0x00007FF6C3328B6A+838938]
	(No symbol) [0x00007FF6C31DA4EF]
	(No symbol) [0x00007FF6C31D6954]
	(No symbol) [0x00007FF6C31D6AF6]
	(No symbol) [0x00007FF6C31C6499]
	BaseThreadInitThunk [0x00007FFFE0627374+20]
	RtlUserThreadStart [0x00007FFFE24FCC91+33]

2025-02-11 11:23:42,643 - root - ERROR - No se encontraron los articulos ingresados Message: element click intercepted: Element <div tabindex="12" id="_42035581241443E4974AA225C440D444__refresh_element" name="_42035581241443E4974AA225C440D444__refresh_element">...</div> is not clickable at point (44, 70). Other element would receive the click: <svg class="icon-size-small">...</svg>
  (Session info: chrome=133.0.6943.54)
Stacktrace:
	GetHandleVerifier [0x00007FF6C3262EC5+28789]
	(No symbol) [0x00007FF6C31CF870]
	(No symbol) [0x00007FF6C3068F9A]
	(No symbol) [0x00007FF6C30C70C9]
	(No symbol) [0x00007FF6C30C4A92]
	(No symbol) [0x00007FF6C30C1B31]
	(No symbol) [0x00007FF6C30C0A41]
	(No symbol) [0x00007FF6C30B2234]
	(No symbol) [0x00007FF6C30E721A]
	(No symbol) [0x00007FF6C30B1AE6]
	(No symbol) [0x00007FF6C30E7430]
	(No symbol) [0x00007FF6C310F6C3]
	(No symbol) [0x00007FF6C30E6FF3]
	(No symbol) [0x00007FF6C30AFF0E]
	(No symbol) [0x00007FF6C30B1193]
	GetHandleVerifier [0x00007FF6C35AD5FD+3479469]
	GetHandleVerifier [0x00007FF6C35C71A3+3584851]
	GetHandleVerifier [0x00007FF6C35BC44D+3540477]
	GetHandleVerifier [0x00007FF6C3328B6A+838938]
	(No symbol) [0x00007FF6C31DA4EF]
	(No symbol) [0x00007FF6C31D6954]
	(No symbol) [0x00007FF6C31D6AF6]
	(No symbol) [0x00007FF6C31C6499]
	BaseThreadInitThunk [0x00007FFFE0627374+20]
	RtlUserThreadStart [0x00007FFFE24FCC91+33]

2025-02-11 11:24:03,852 - root - INFO -  Abre la pantalla del reporte Stock Valorizado por Deposito 
2025-02-11 11:24:07,956 - root - INFO -  Ingresa el almacen 
2025-02-11 11:24:08,119 - root - INFO -  Se presiona el boton 'Ver', para mostrar la informacion del reporte.
2025-02-11 11:25:31,181 - root - ERROR - No se pudo ingresar los datos al documento Venta de contado Message: 
Stacktrace:
	GetHandleVerifier [0x00007FF6C3262EC5+28789]
	(No symbol) [0x00007FF6C31CF870]
	(No symbol) [0x00007FF6C3068F9A]
	(No symbol) [0x00007FF6C30BF236]
	(No symbol) [0x00007FF6C30BF46C]
	(No symbol) [0x00007FF6C31129F7]
	(No symbol) [0x00007FF6C30E725F]
	(No symbol) [0x00007FF6C310F6C3]
	(No symbol) [0x00007FF6C30E6FF3]
	(No symbol) [0x00007FF6C30AFF0E]
	(No symbol) [0x00007FF6C30B1193]
	GetHandleVerifier [0x00007FF6C35AD5FD+3479469]
	GetHandleVerifier [0x00007FF6C35C71A3+3584851]
	GetHandleVerifier [0x00007FF6C35BC44D+3540477]
	GetHandleVerifier [0x00007FF6C3328B6A+838938]
	(No symbol) [0x00007FF6C31DA4EF]
	(No symbol) [0x00007FF6C31D6954]
	(No symbol) [0x00007FF6C31D6AF6]
	(No symbol) [0x00007FF6C31C6499]
	BaseThreadInitThunk [0x00007FFFE0627374+20]
	RtlUserThreadStart [0x00007FFFE24FCC91+33]

2025-02-11 11:26:31,477 - root - ERROR - El detalle del cálculo del documento no coincide Message: 
Stacktrace:
	GetHandleVerifier [0x00007FF6C3262EC5+28789]
	(No symbol) [0x00007FF6C31CF870]
	(No symbol) [0x00007FF6C3068F9A]
	(No symbol) [0x00007FF6C30BF236]
	(No symbol) [0x00007FF6C30BF46C]
	(No symbol) [0x00007FF6C31129F7]
	(No symbol) [0x00007FF6C30E725F]
	(No symbol) [0x00007FF6C310F6C3]
	(No symbol) [0x00007FF6C30E6FF3]
	(No symbol) [0x00007FF6C30AFF0E]
	(No symbol) [0x00007FF6C30B1193]
	GetHandleVerifier [0x00007FF6C35AD5FD+3479469]
	GetHandleVerifier [0x00007FF6C35C71A3+3584851]
	GetHandleVerifier [0x00007FF6C35BC44D+3540477]
	GetHandleVerifier [0x00007FF6C3328B6A+838938]
	(No symbol) [0x00007FF6C31DA4EF]
	(No symbol) [0x00007FF6C31D6954]
	(No symbol) [0x00007FF6C31D6AF6]
	(No symbol) [0x00007FF6C31C6499]
	BaseThreadInitThunk [0x00007FFFE0627374+20]
	RtlUserThreadStart [0x00007FFFE24FCC91+33]

2025-02-11 11:26:33,584 - root - ERROR - No se pudo actualizar el reporte DZ Message: element click intercepted: Element <div tabindex="161" id="_43E3413C14AB491087F6BCD078F51080__000_reportView0_element" name="_43E3413C14AB491087F6BCD078F51080__000_reportView0_element">...</div> is not clickable at point (39, 88). Other element would receive the click: <ui-window id="_43E3413C14AB491087F6BCD078F51080" formid="_43E3413C14AB491087F6BCD078F51080" name="_43E3413C14AB491087F6BCD078F51080" onclosedfn="UIReport_FormClosed" uistyle="child fill" class="child fill ui-window ui-window-not-maximizable ui-window-not-minimizable ui-background-window" height="1ru" visible="true" enabled="true" style="height: 682px; width: 1248px; left: 16px; top: 16px; z-index: 4;">...</ui-window>
  (Session info: chrome=133.0.6943.54)
Stacktrace:
	GetHandleVerifier [0x00007FF6C3262EC5+28789]
	(No symbol) [0x00007FF6C31CF870]
	(No symbol) [0x00007FF6C3068F9A]
	(No symbol) [0x00007FF6C30C70C9]
	(No symbol) [0x00007FF6C30C4A92]
	(No symbol) [0x00007FF6C30C1B31]
	(No symbol) [0x00007FF6C30C0A41]
	(No symbol) [0x00007FF6C30B2234]
	(No symbol) [0x00007FF6C30E721A]
	(No symbol) [0x00007FF6C30B1AE6]
	(No symbol) [0x00007FF6C30E7430]
	(No symbol) [0x00007FF6C310F6C3]
	(No symbol) [0x00007FF6C30E6FF3]
	(No symbol) [0x00007FF6C30AFF0E]
	(No symbol) [0x00007FF6C30B1193]
	GetHandleVerifier [0x00007FF6C35AD5FD+3479469]
	GetHandleVerifier [0x00007FF6C35C71A3+3584851]
	GetHandleVerifier [0x00007FF6C35BC44D+3540477]
	GetHandleVerifier [0x00007FF6C3328B6A+838938]
	(No symbol) [0x00007FF6C31DA4EF]
	(No symbol) [0x00007FF6C31D6954]
	(No symbol) [0x00007FF6C31D6AF6]
	(No symbol) [0x00007FF6C31C6499]
	BaseThreadInitThunk [0x00007FFFE0627374+20]
	RtlUserThreadStart [0x00007FFFE24FCC91+33]

2025-02-11 11:26:39,259 - root - INFO - Despliega el menú Documentos
2025-02-11 11:26:49,952 - root - INFO - Ingresa a documentos emitidos
2025-02-11 11:27:50,247 - root - ERROR - Log_incorrect Message: 
Stacktrace:
	GetHandleVerifier [0x00007FF6C3262EC5+28789]
	(No symbol) [0x00007FF6C31CF870]
	(No symbol) [0x00007FF6C3068F9A]
	(No symbol) [0x00007FF6C30BF236]
	(No symbol) [0x00007FF6C30BF46C]
	(No symbol) [0x00007FF6C31129F7]
	(No symbol) [0x00007FF6C30E725F]
	(No symbol) [0x00007FF6C310F6C3]
	(No symbol) [0x00007FF6C30E6FF3]
	(No symbol) [0x00007FF6C30AFF0E]
	(No symbol) [0x00007FF6C30B1193]
	GetHandleVerifier [0x00007FF6C35AD5FD+3479469]
	GetHandleVerifier [0x00007FF6C35C71A3+3584851]
	GetHandleVerifier [0x00007FF6C35BC44D+3540477]
	GetHandleVerifier [0x00007FF6C3328B6A+838938]
	(No symbol) [0x00007FF6C31DA4EF]
	(No symbol) [0x00007FF6C31D6954]
	(No symbol) [0x00007FF6C31D6AF6]
	(No symbol) [0x00007FF6C31C6499]
	BaseThreadInitThunk [0x00007FFFE0627374+20]
	RtlUserThreadStart [0x00007FFFE24FCC91+33]

2025-02-11 11:28:52,671 - root - ERROR - No se pudo abrir documentos emitidos Message: 
Stacktrace:
	GetHandleVerifier [0x00007FF6C3262EC5+28789]
	(No symbol) [0x00007FF6C31CF870]
	(No symbol) [0x00007FF6C3068F9A]
	(No symbol) [0x00007FF6C30BF236]
	(No symbol) [0x00007FF6C30BF46C]
	(No symbol) [0x00007FF6C31129F7]
	(No symbol) [0x00007FF6C30E725F]
	(No symbol) [0x00007FF6C310F6C3]
	(No symbol) [0x00007FF6C30E6FF3]
	(No symbol) [0x00007FF6C30AFF0E]
	(No symbol) [0x00007FF6C30B1193]
	GetHandleVerifier [0x00007FF6C35AD5FD+3479469]
	GetHandleVerifier [0x00007FF6C35C71A3+3584851]
	GetHandleVerifier [0x00007FF6C35BC44D+3540477]
	GetHandleVerifier [0x00007FF6C3328B6A+838938]
	(No symbol) [0x00007FF6C31DA4EF]
	(No symbol) [0x00007FF6C31D6954]
	(No symbol) [0x00007FF6C31D6AF6]
	(No symbol) [0x00007FF6C31C6499]
	BaseThreadInitThunk [0x00007FFFE0627374+20]
	RtlUserThreadStart [0x00007FFFE24FCC91+33]

2025-02-11 11:29:03,369 - root - INFO - Abre explorador de reportes
2025-02-11 11:30:04,545 - root - ERROR - No se pudo abrir el reporte docarti de Venta de Contado Message: 
Stacktrace:
	GetHandleVerifier [0x00007FF6C3262EC5+28789]
	(No symbol) [0x00007FF6C31CF870]
	(No symbol) [0x00007FF6C3068F9A]
	(No symbol) [0x00007FF6C30BF236]
	(No symbol) [0x00007FF6C30BF46C]
	(No symbol) [0x00007FF6C31129F7]
	(No symbol) [0x00007FF6C30E725F]
	(No symbol) [0x00007FF6C310F6C3]
	(No symbol) [0x00007FF6C30E6FF3]
	(No symbol) [0x00007FF6C30AFF0E]
	(No symbol) [0x00007FF6C30B1193]
	GetHandleVerifier [0x00007FF6C35AD5FD+3479469]
	GetHandleVerifier [0x00007FF6C35C71A3+3584851]
	GetHandleVerifier [0x00007FF6C35BC44D+3540477]
	GetHandleVerifier [0x00007FF6C3328B6A+838938]
	(No symbol) [0x00007FF6C31DA4EF]
	(No symbol) [0x00007FF6C31D6954]
	(No symbol) [0x00007FF6C31D6AF6]
	(No symbol) [0x00007FF6C31C6499]
	BaseThreadInitThunk [0x00007FFFE0627374+20]
	RtlUserThreadStart [0x00007FFFE24FCC91+33]

2025-02-11 11:31:06,677 - root - ERROR - No se pudo ingresar el número de documento. Message: 
Stacktrace:
	GetHandleVerifier [0x00007FF6C3262EC5+28789]
	(No symbol) [0x00007FF6C31CF870]
	(No symbol) [0x00007FF6C3068F9A]
	(No symbol) [0x00007FF6C30BF236]
	(No symbol) [0x00007FF6C30BF46C]
	(No symbol) [0x00007FF6C31129F7]
	(No symbol) [0x00007FF6C30E725F]
	(No symbol) [0x00007FF6C310F6C3]
	(No symbol) [0x00007FF6C30E6FF3]
	(No symbol) [0x00007FF6C30AFF0E]
	(No symbol) [0x00007FF6C30B1193]
	GetHandleVerifier [0x00007FF6C35AD5FD+3479469]
	GetHandleVerifier [0x00007FF6C35C71A3+3584851]
	GetHandleVerifier [0x00007FF6C35BC44D+3540477]
	GetHandleVerifier [0x00007FF6C3328B6A+838938]
	(No symbol) [0x00007FF6C31DA4EF]
	(No symbol) [0x00007FF6C31D6954]
	(No symbol) [0x00007FF6C31D6AF6]
	(No symbol) [0x00007FF6C31C6499]
	BaseThreadInitThunk [0x00007FFFE0627374+20]
	RtlUserThreadStart [0x00007FFFE24FCC91+33]

